WARN  [2015-08-02 00:48:10,827] bake.dropwizard.licence.person.Responder: (0) createability --contradicted-for LicencePerson{id=1;licenceId=1;personId=13} --by id=1 --since id is not null

WARN  [2015-08-02 00:48:16,295] bake.dropwizard.licence.person.Responder: (1) createability --contradicted-for LicencePerson{id=null;licenceId=0;personId=13} --by licenceId=0 --since licenceId is null or licenceId < 1

WARN  [2015-08-02 00:48:20,211] bake.dropwizard.licence.person.Responder: (2) createability --contradicted-for LicencePerson{id=null;licenceId=1;personId=0} --by personId=0 --since personId is null or personId < 1

INFO  [2015-08-02 00:48:24,130] bake.dropwizard.licence.person.Responder: (3) createability --confirmed-for LicencePerson{id=null;licenceId=1;personId=13}
INFO  [2015-08-02 00:49:02,140] bake.dropwizard.licence.person.Responder: (3) createability --confirmed-for LicencePerson{id=null;licenceId=9;personId=13}
INFO  [2015-08-02 00:49:19,351] bake.dropwizard.licence.person.Responder: (3) createability --confirmed-for LicencePerson{id=null;licenceId=1;personId=13}
INFO  [2015-08-02 00:49:26,271] bake.dropwizard.licence.person.Responder: (3) createability --confirmed-for LicencePerson{id=null;licenceId=1;personId=14}
INFO  [2015-08-02 00:50:55,793] bake.dropwizard.licence.person.Responder: (3) createability --confirmed-for LicencePerson{id=null;licenceId=1;personId=14}
INFO  [2015-08-02 00:51:56,590] bake.dropwizard.licence.person.Responder: (3) createability --confirmed-for LicencePerson{id=null;licenceId=1;personId=14}

WARN  [2015-08-02 00:49:19,351] bake.dropwizard.licence.person.Responder: (4) insertability --contradicted-for LicencePerson{id=null;licenceId=1;personId=13} --by [LicencePerson{id=1;licenceId=1;personId=13}] --since list is not empty

INFO  [2015-08-02 00:48:24,139] bake.dropwizard.licence.person.Responder: (5) inserrtability --confirmed-for LicencePerson{id=null;licenceId=1;personId=13}
INFO  [2015-08-02 00:49:02,140] bake.dropwizard.licence.person.Responder: (5) inserrtability --confirmed-for LicencePerson{id=null;licenceId=9;personId=13}
INFO  [2015-08-02 00:49:26,272] bake.dropwizard.licence.person.Responder: (5) inserrtability --confirmed-for LicencePerson{id=null;licenceId=1;personId=14}
INFO  [2015-08-02 00:50:55,793] bake.dropwizard.licence.person.Responder: (5) inserrtability --confirmed-for LicencePerson{id=null;licenceId=1;personId=14}
INFO  [2015-08-02 00:51:56,590] bake.dropwizard.licence.person.Responder: (5) inserrtability --confirmed-for LicencePerson{id=null;licenceId=1;personId=14}

WARN  [2015-08-02 00:51:56,591] bake.dropwizard.licence.person.Responder: (6) licence --contradicted-for 1 --by http://localhost:8080/licence-by/id?id=1 --since javax.ws.rs.ProcessingException: org.apache.http.conn.HttpHostConnectException: Connect to localhost:8080 [localhost/127.0.0.1] failed: Connection refused

WARN  [2015-08-02 00:49:02,145] bake.dropwizard.licence.person.Responder: (7) licence --contradicted-for 9 --by http://localhost:8080/licence-by/id?id=9 --since javax.ws.rs.ClientErrorException: HTTP 417 Expectation Failed

INFO  [2015-08-02 00:48:24,261] bake.dropwizard.licence.person.Responder: (9) licence --confirmed-for Licence{id=1;companyId=7} --by http://localhost:8080/licence-by/id?id=1
INFO  [2015-08-02 00:49:26,276] bake.dropwizard.licence.person.Responder: (9) licence --confirmed-for Licence{id=1;companyId=7} --by http://localhost:8080/licence-by/id?id=1
INFO  [2015-08-02 00:50:55,797] bake.dropwizard.licence.person.Responder: (9) licence --confirmed-for Licence{id=1;companyId=7} --by http://localhost:8080/licence-by/id?id=1

WARN  [2015-08-02 00:50:55,799] bake.dropwizard.licence.person.Responder: (10) companyPerson --contradicted-for (7,14) --by http://localhost:8082/company-person-by/company-id/person-id?companyId=7&personId=14 --since javax.ws.rs.ProcessingException: org.apache.http.conn.HttpHostConnectException: Connect to localhost:8082 [localhost/127.0.0.1] failed: Connection refused

WARN  [2015-08-02 00:49:26,281] bake.dropwizard.licence.person.Responder: (11) companyPerson --contradicted-for (7,14) --by http://localhost:8082/company-person-by/company-id/person-id?companyId=7&personId=14 --since javax.ws.rs.ClientErrorException: HTTP 417 Expectation Failed

INFO  [2015-08-02 00:48:43,891] bake.dropwizard.licence.person.Responder: (13) companyPerson --confirmed-for CompanyPerson{id=1;companyId=7;personId=13} --by http://localhost:8082/company-person-by/company-id/person-id?companyId=7&personId=13
